Processing esp32-s3-devkitc-1 (platform: espressif32; board: esp32-s3-devkitc-1; framework: arduino)
--------------------------------------------------------------------------------
Verbose mode can be enabled via `-v, --verbose` option
CONFIGURATION: https://docs.platformio.org/page/boards/espressif32/esp32-s3-devkitc-1.html
PLATFORM: Espressif 32 (6.12.0) > Espressif ESP32-S3-DevKitC-1-N8 (8 MB QD, No PSRAM)
HARDWARE: ESP32S3 240MHz, 320KB RAM, 16MB Flash
DEBUG: Current (esp-builtin) On-board (esp-builtin) External (cmsis-dap, esp-bridge, esp-prog, iot-bus-jtag, jlink, minimodule, olimex-arm-usb-ocd, olimex-arm-usb-ocd-h, olimex-arm-usb-tiny-h, olimex-jtag-tiny, tumpa)
PACKAGES: 
 - framework-arduinoespressif32 @ 3.20017.241212+sha.dcc1105b 
 - tool-esptoolpy @ 2.40900.250804 (4.9.0) 
 - toolchain-riscv32-esp @ 8.4.0+2021r2-patch5 
 - toolchain-xtensa-esp32s3 @ 8.4.0+2021r2-patch5
LDF: Library Dependency Finder -> https://bit.ly/configure-pio-ldf
LDF Modes: Finder ~ deep+, Compatibility ~ soft
Found 38 compatible libraries
Scanning dependencies...
Dependency Graph
|-- lvgl @ 8.4.0
|-- ArduinoJson @ 6.21.5
|-- TAMC_GT911 @ 1.0.2
|-- GFX Library for Arduino @ 1.6.4
|-- Preferences @ 2.0.0
|-- BSP
|-- Wire @ 2.0.0
Building in release mode
Compiling .pio\build\esp32-s3-devkitc-1\libedd\GFX Library for Arduino\Arduino_GFX_Library.cpp.o
Compiling .pio\build\esp32-s3-devkitc-1\libedd\GFX Library for Arduino\Arduino_TFT_18bit.cpp.o
Compiling .pio\build\esp32-s3-devkitc-1\libedd\GFX Library for Arduino\canvas\Arduino_Canvas.cpp.o
Compiling .pio\build\esp32-s3-devkitc-1\libedd\GFX Library for Arduino\canvas\Arduino_Canvas_3bit.cpp.o
